




                       MSC.Patran 27.1.801631 Thu Mar 25 06:46:07 PDT 2021 - Analysis Code: MSC.Nastran 
                                               Load Case: SC0, A1:Static subcase 
                                         Result Contact Status,  - Layer (NON-LAYERED) 
                                                      Entity: Node Scalar


-Entity ID--Scalar Value-
       8        0.000000
       9        0.000000
      10        0.000000
      20        0.000000
      21        0.000000
      22        0.000000
      23        0.000000
      33        0.000000
      34        0.000000
      35        0.000000
      45        0.000000
      46        0.000000
      47        0.000000
      48        0.000000
      59        0.000000
      60        0.000000
      61        0.000000
      71        0.000000
      72        0.000000
      73        0.000000
      74        0.000000
      84        0.000000
      85        0.000000
      86        0.000000
      96        0.000000
      97        0.000000
      98        0.000000
      99        0.000000
     110        0.000000
     111        0.000000
     112        0.000000
     122        0.000000
     123        0.000000
     124        0.000000
     125        0.000000
     135        0.000000
     136        0.000000
     137        0.000000
     147        0.000000
     148        0.000000
     149        0.000000
     150        0.000000
     161        0.000000
     162        0.000000
     163        0.000000
     173        0.000000
     174        0.000000
     175        0.000000
     176        0.000000
     186        0.000000
     187        0.000000
     188        0.000000
     198        0.000000
     199        0.000000
     200        0.000000
     201        0.000000
     207        0.000000
     208        0.000000
     209        0.000000
     212        0.000000
     213        0.000000
     214        0.000000
     217        0.000000
     218        0.000000
     219        0.000000
     222        0.000000
     223        0.000000
     224        0.000000
     228        0.000000
     229        0.000000
     230        0.000000
     233        0.000000
     234        0.000000
     235        0.000000
     238        0.000000
     239        0.000000
     240        0.000000
     243        0.000000
     244        0.000000
     245        0.000000
     249        0.000000
     250        0.000000
     251        0.000000
     254        0.000000
     255        0.000000
     256        0.000000
     259        0.000000
     260        0.000000
     261        0.000000
     264        0.000000
     265        0.000000
     266        0.000000
     270        0.000000
     271        0.000000
     272        0.000000
     275        0.000000
     276        0.000000
     277        0.000000
     280        0.000000
     281        0.000000
     282        0.000000
     285        0.000000
     286        0.000000
     287        0.000000
    1000        1.000000
    1001        1.000000
    1002        0.000000
    1016        1.000000
    1017        1.000000
    1046        0.000000
    1047        0.000000
    1048        1.000000
    1049        1.000000
    1050        0.000000
    1051        0.000000
    1052        0.000000
    1087        0.000000
    1088        0.000000
    1089        0.000000
    1090        0.000000
    1091        0.000000
    1092        0.000000
    1093        0.000000
    1094        0.000000
    1095        0.000000
    1096        1.000000
    1097        1.000000
    1098        1.000000
    1099        1.000000
    1100        0.000000
    1114        1.000000
    1115        1.000000
    1144        0.000000
    1145        0.000000
    1146        1.000000
    1147        1.000000
    1148        0.000000
    1149        0.000000
    1150        0.000000
    1185        0.000000
    1186        0.000000
    1187        0.000000
    1188        0.000000
    1189        0.000000
    1190        0.000000
    1191        0.000000
    1192        0.000000
    1193        0.000000
    1194        1.000000
    1195        1.000000
    1196        1.000000
    1197        1.000000
    1198        0.000000
    1212        1.000000
    1213        1.000000
    1242        0.000000
    1243        0.000000
    1244        1.000000
    1245        1.000000
    1246        0.000000
    1247        0.000000
    1248        0.000000
    1283        0.000000
    1284        0.000000
    1285        0.000000
    1286        0.000000
    1287        0.000000
    1288        0.000000
    1289        0.000000
    1290        0.000000
    1291        0.000000
    1292        1.000000
    1293        1.000000
    1294        1.000000
    1295        1.000000
    1296        0.000000
    1310        1.000000
    1311        1.000000
    1340        0.000000
    1341        0.000000
    1342        1.000000
    1343        1.000000
    1344        0.000000
    1345        0.000000
    1346        0.000000
    1381        0.000000
    1382        0.000000
    1383        0.000000
    1384        0.000000
    1385        0.000000
    1386        0.000000
    1387        0.000000
    1388        0.000000
    1389        0.000000
    1390        1.000000
    1391        1.000000
    1392        1.000000
    1393        1.000000
    1394        0.000000
    1408        1.000000
    1409        1.000000
    1438        0.000000
    1439        0.000000
    1440        1.000000
    1441        1.000000
    1442        0.000000
    1443        0.000000
    1444        0.000000
    1479        0.000000
    1480        0.000000
    1481        0.000000
    1482        0.000000
    1483        0.000000
    1484        0.000000
    1485        0.000000
    1486        0.000000
    1487        0.000000
    1488        1.000000
    1489        1.000000
    1490        1.000000
    1491        1.000000
    1492        0.000000
    1506        1.000000
    1507        1.000000
    1536        0.000000
    1537        0.000000
    1538        1.000000
    1539        1.000000
    1540        0.000000
    1541        0.000000
    1542        0.000000
    1577        0.000000
    1578        0.000000
    1579        0.000000
    1580        0.000000
    1581        0.000000
    1582        0.000000
    1583        0.000000
    1584        0.000000
    1585        0.000000
    1586        1.000000
    1587        1.000000
    1588        1.000000
    1589        1.000000
    1590        0.000000
    1604        1.000000
    1605        1.000000
    1634        0.000000
    1635        0.000000
    1636        1.000000
    1637        1.000000
    1638        0.000000
    1639        0.000000
    1640        0.000000
    1675        0.000000
    1676        0.000000
    1677        0.000000
    1678        0.000000
    1679        0.000000
    1680        0.000000
    1681        0.000000
    1682        0.000000
    1683        0.000000
    1684        1.000000
    1685        1.000000
    1686        1.000000
    1687        1.000000
    1688        0.000000
    1702        1.000000
    1703        1.000000
    1732        0.000000
    1733        0.000000
    1734        1.000000
    1735        1.000000
    1736        0.000000
    1737        0.000000
    1738        0.000000
    1773        0.000000
    1774        0.000000
    1775        0.000000
    1776        0.000000
    1777        0.000000
    1778        0.000000
    1779        0.000000
    1780        0.000000
    1781        0.000000
    1782        1.000000
    1783        1.000000
    1784        1.000000
    1785        1.000000
    1786        0.000000
    1800        1.000000
    1801        1.000000
    1830        0.000000
    1831        0.000000
    1832        1.000000
    1833        1.000000
    1834        0.000000
    1835        0.000000
    1836        0.000000
    1871        0.000000
    1872        0.000000
    1873        0.000000
    1874        0.000000
    1875        0.000000
    1876        0.000000
    1877        0.000000
    1878        0.000000
    1879        0.000000
    1880        1.000000
    1881        1.000000
    1882        1.000000
    1883        1.000000
    1884        0.000000
    1898        1.000000
    1899        1.000000
    1928        0.000000
    1929        0.000000
    1930        1.000000
    1931        1.000000
    1932        0.000000
    1933        0.000000
    1934        0.000000
    1969        0.000000
    1970        0.000000
    1971        0.000000
    1972        0.000000
    1973        0.000000
    1974        0.000000
    1975        0.000000
    1976        0.000000
    1977        0.000000
    1978        1.000000
    1979        1.000000
    1980        1.000000
    1981        1.000000
    1982        0.000000
    1996        1.000000
    1997        1.000000
    2026        0.000000
    2027        0.000000
    2028        1.000000
    2029        1.000000
    2030        0.000000
    2031        0.000000
    2032        0.000000
    2067        0.000000
    2068        0.000000
    2069        0.000000
    2070        0.000000
    2071        0.000000
    2072        0.000000
    2073        0.000000
    2074        0.000000
    2075        0.000000
    2076        1.000000
    2077        1.000000
    2078        1.000000
    2079        1.000000
    2080        0.000000
    2094        1.000000
    2095        1.000000
    2124        0.000000
    2125        0.000000
    2126        1.000000
    2127        1.000000
    2128        0.000000
    2129        0.000000
    2130        0.000000
    2165        0.000000
    2166        0.000000
    2167        0.000000
    2168        0.000000
    2169        0.000000
    2170        0.000000
    2171        0.000000
    2172        0.000000
    2173        0.000000
    2174        1.000000
    2175        1.000000
    2176        1.000000
    2177        1.000000
    2178        0.000000
    2192        1.000000
    2193        1.000000
    2222        0.000000
    2223        0.000000
    2224        1.000000
    2225        1.000000
    2226        0.000000
    2227        0.000000
    2228        0.000000
    2263        0.000000
    2264        0.000000
    2265        0.000000
    2266        0.000000
    2267        0.000000
    2268        0.000000
    2269        0.000000
    2270        0.000000
    2271        0.000000
    2272        1.000000
    2273        1.000000
    2274        1.000000
    2275        1.000000
    2276        0.000000
    2290        1.000000
    2291        1.000000
    2320        0.000000
    2321        0.000000
    2322        1.000000
    2323        1.000000
    2324        0.000000
    2325        0.000000
    2326        0.000000
    2361        0.000000
    2362        0.000000
    2363        0.000000
    2364        0.000000
    2365        0.000000
    2366        0.000000
    2367        0.000000
    2368        0.000000
    2369        0.000000
    2370        1.000000
    2371        1.000000
    2372        1.000000
    2373        1.000000
    2374        0.000000
    2388        1.000000
    2389        1.000000
    2418        0.000000
    2419        0.000000
    2420        1.000000
    2421        1.000000
    2422        0.000000
    2423        0.000000
    2424        0.000000
    2459        0.000000
    2460        0.000000
    2461        0.000000
    2462        0.000000
    2463        0.000000
    2464        0.000000
    2465        0.000000
    2466        0.000000
    2467        0.000000
    2468        1.000000
    2469        1.000000
    2470        1.000000
    2471        1.000000
    2472        0.000000
    2486        1.000000
    2487        1.000000
    2516        0.000000
    2517        0.000000
    2518        1.000000
    2519        1.000000
    2520        0.000000
    2521        0.000000
    2522        0.000000
    2557        0.000000
    2558        0.000000
    2559        0.000000
    2560        0.000000
    2561        0.000000
    2562        0.000000
    2563        0.000000
    2564        0.000000
    2565        0.000000
    2566        1.000000
    2567        1.000000
    2568        1.000000
    2569        1.000000
    2570        0.000000
    2584        1.000000
    2585        1.000000
    2614        0.000000
    2615        0.000000
    2616        1.000000
    2617        1.000000
    2618        0.000000
    2619        0.000000
    2620        0.000000
    2655        0.000000
    2656        0.000000
    2657        0.000000
    2658        0.000000
    2659        0.000000
    2660        0.000000
    2661        0.000000
    2662        0.000000
    2663        0.000000
    2664        1.000000
    2665        1.000000
    2666        1.000000
    2667        1.000000
    2668        0.000000
    2682        1.000000
    2683        1.000000
    2712        0.000000
    2713        0.000000
    2714        1.000000
    2715        1.000000
    2716        0.000000
    2717        0.000000
    2718        0.000000
    2753        0.000000
    2754        0.000000
    2755        0.000000
    2756        0.000000
    2757        0.000000
    2758        0.000000
    2759        0.000000
    2760        0.000000
    2761        0.000000
    2762        1.000000
    2763        1.000000
    2764        1.000000
    2765        1.000000
    2766        0.000000
    2780        1.000000
    2781        1.000000
    2810        0.000000
    2811        0.000000
    2812        1.000000
    2813        1.000000
    2814        0.000000
    2815        0.000000
    2816        0.000000
    2851        0.000000
    2852        0.000000
    2853        0.000000
    2854        0.000000
    2855        0.000000
    2856        0.000000
    2857        0.000000
    2858        0.000000
    2859        0.000000
    2860        1.000000
    2861        1.000000
    2862        1.000000
    2863        1.000000
    2864        0.000000
    2878        1.000000
    2879        1.000000
    2908        0.000000
    2909        0.000000
    2910        1.000000
    2911        1.000000
    2912        0.000000
    2913        0.000000
    2914        0.000000
    2949        0.000000
    2950        0.000000
    2951        0.000000
    2952        0.000000
    2953        0.000000
    2954        0.000000
    2955        0.000000
    2956        0.000000
    2957        0.000000
    2958        1.000000
    2959        1.000000
    2960        1.000000
    2961        1.000000
    2962        0.000000
    2976        1.000000
    2977        1.000000
    3006        0.000000
    3007        0.000000
    3008        1.000000
    3009        1.000000
    3010        0.000000
    3011        0.000000
    3012        0.000000
    3047        0.000000
    3048        0.000000
    3049        0.000000
    3050        0.000000
    3051        0.000000
    3052        0.000000
    3053        0.000000
    3054        0.000000
    3055        0.000000
    3056        1.000000
    3057        1.000000
    3058        1.000000
    3059        1.000000
    3060        0.000000
    3074        1.000000
    3075        1.000000
    3104        0.000000
    3105        0.000000
    3106        1.000000
    3107        1.000000
    3108        0.000000
    3109        0.000000
    3110        0.000000
    3145        0.000000
    3146        0.000000
    3147        0.000000
    3148        0.000000
    3149        0.000000
    3150        0.000000
    3151        0.000000
    3152        0.000000
    3153        0.000000
    3154        1.000000
    3155        1.000000
    3156        1.000000
    3157        1.000000
    3158        0.000000
    3172        1.000000
    3173        1.000000
    3202        0.000000
    3203        0.000000
    3204        1.000000
    3205        1.000000
    3206        0.000000
    3207        0.000000
    3208        0.000000
    3243        0.000000
    3244        0.000000
    3245        0.000000
    3246        0.000000
    3247        0.000000
    3248        0.000000
    3249        0.000000
    3250        0.000000
    3251        0.000000
    3252        1.000000
    3253        1.000000
    3254        1.000000
    3255        1.000000
    3256        0.000000
    3270        1.000000
    3271        1.000000
    3300        0.000000
    3301        0.000000
    3302        1.000000
    3303        1.000000
    3304        0.000000
    3305        0.000000
    3306        0.000000
    3341        0.000000
    3342        0.000000
    3343        0.000000
    3344        0.000000
    3345        0.000000
    3346        0.000000
    3347        0.000000
    3348        0.000000
    3349        0.000000
    3350        1.000000
    3351        1.000000
    7000        1.000000
    7001        1.000000
    7002        1.000000
    7019        1.000000
    7020        1.000000
    7027        0.000000
    7028        0.000000
    7029        0.000000
    7036        1.000000
    7037        1.000000
    7038        1.000000
    7055        1.000000
    7056        1.000000
    7063        0.000000
    7064        0.000000
    7065        0.000000
    7097        0.000000
    7098        1.000000
    7099        1.000000
    7100        1.000000
    7101        1.000000
    7121        0.000000
    7122        0.000000
    7123        0.000000
    7143        0.000000
    7144        0.000000
    7145        1.000000
    7146        1.000000
    7147        1.000000
    7148        1.000000
    7149        1.000000
    7150        1.000000
    7167        1.000000
    7168        1.000000
    7169        1.000000
    7170        1.000000
    7171        0.000000
    7193        0.000000
    7194        0.000000
    7195        0.000000
    7212        1.000000
    7213        1.000000
    7214        1.000000
    7215        1.000000
    7216        1.000000
    7217        1.000000
    7218        1.000000
    7219        1.000000
    7220        1.000000
    7221        1.000000
    7222        1.000000
    7223        1.000000
    7224        1.000000
    7225        1.000000
    7242        1.000000
    7243        1.000000
    7250        0.000000
    7251        0.000000
    7252        0.000000
    7259        1.000000
    7260        1.000000
    7261        1.000000
    7278        1.000000
    7279        1.000000
    7286        0.000000
    7287        0.000000
    7288        0.000000
    7320        0.000000
    7321        1.000000
    7322        1.000000
    7323        1.000000
    7324        1.000000
    7344        0.000000
    7345        0.000000
    7346        0.000000
    7366        0.000000
    7367        0.000000
    7368        1.000000
    7369        1.000000
    7370        1.000000
    7371        1.000000
    7372        1.000000
    7373        1.000000
    7390        1.000000
    7391        1.000000
    7392        1.000000
    7393        1.000000
    7394        0.000000
    7416        0.000000
    7417        0.000000
    7418        0.000000
    7435        1.000000
    7436        1.000000
    7437        1.000000
    7438        1.000000
    7439        1.000000
    7440        1.000000
    7441        1.000000
    7442        1.000000
    7443        1.000000
    7444        1.000000
    7445        1.000000
    7446        1.000000
    7447        1.000000
    7448        1.000000
    7465        1.000000
    7466        1.000000
    7473        0.000000
    7474        0.000000
    7475        0.000000
    7482        1.000000
    7483        1.000000
    7484        1.000000
    7501        1.000000
    7502        1.000000
    7509        0.000000
    7510        0.000000
    7511        0.000000
    7543        0.000000
    7544        1.000000
    7545        1.000000
    7546        1.000000
    7547        1.000000
    7567        0.000000
    7568        0.000000
    7569        0.000000
    7589        0.000000
    7590        0.000000
    7591        1.000000
    7592        1.000000
    7593        1.000000
    7594        1.000000
    7595        1.000000
    7596        1.000000
    7613        1.000000
    7614        1.000000
    7615        1.000000
    7616        1.000000
    7617        0.000000
    7639        0.000000
    7640        0.000000
    7641        0.000000
    7658        1.000000
    7659        1.000000
    7660        1.000000
    7661        1.000000
    7662        1.000000
    7663        1.000000
    7664        1.000000
    7665        1.000000
    7666        1.000000
    7667        1.000000
    7668        1.000000
    7669        1.000000
    7670        1.000000
    7671        1.000000
    7688        1.000000
    7689        1.000000
    7696        0.000000
    7697        0.000000
    7698        0.000000
    7705        1.000000
    7706        1.000000
    7707        1.000000
    7724        1.000000
    7725        1.000000
    7732        0.000000
    7733        0.000000
    7734        0.000000
    7766        0.000000
    7767        1.000000
    7768        1.000000
    7769        1.000000
    7770        1.000000
    7790        0.000000
    7791        0.000000
    7792        0.000000
    7812        0.000000
    7813        0.000000
    7814        1.000000
    7815        1.000000
    7816        1.000000
    7817        1.000000
    7818        1.000000
    7819        1.000000
    7836        1.000000
    7837        1.000000
    7838        1.000000
    7839        1.000000
    7840        0.000000
    7862        0.000000
    7863        0.000000
    7864        0.000000
    7881        1.000000
    7882        1.000000
    7883        1.000000
    7884        1.000000
    7885        1.000000
    7886        1.000000
    7887        1.000000
    7888        1.000000
    7889        1.000000
    7890        1.000000
    7891        1.000000
    7892        1.000000
    7893        1.000000
    7894        1.000000
    7911        1.000000
    7912        1.000000
    7919        0.000000
    7920        0.000000
    7921        0.000000
    7928        1.000000
    7929        1.000000
    7930        1.000000
    7947        1.000000
    7948        1.000000
    7955        0.000000
    7956        0.000000
    7957        0.000000
    7989        0.000000
    7990        1.000000
    7991        1.000000
    7992        1.000000
    7993        1.000000
    8013        0.000000
    8014        0.000000
    8015        0.000000
    8035        0.000000
    8036        0.000000
    8037        1.000000
    8038        1.000000
    8039        1.000000
    8040        1.000000
    8041        1.000000
    8042        1.000000
    8059        1.000000
    8060        1.000000
    8061        1.000000
    8062        1.000000
    8063        0.000000
    8085        0.000000
    8086        0.000000
    8087        0.000000
    8104        1.000000
    8105        1.000000
    8106        1.000000
    8107        1.000000
    8108        1.000000
    8109        1.000000
    8110        1.000000
    8111        1.000000
    8112        1.000000
    8113        1.000000
    8114        1.000000
    8115        1.000000
    8116        1.000000
    8117        1.000000
    8134        1.000000
    8135        1.000000
    8142        0.000000
    8143        0.000000
    8144        0.000000
    8151        1.000000
    8152        1.000000
    8153        1.000000
    8170        1.000000
    8171        1.000000
    8178        0.000000
    8179        0.000000
    8180        0.000000
    8212        0.000000
    8213        1.000000
    8214        1.000000
    8215        1.000000
    8216        1.000000
    8236        0.000000
    8237        0.000000
    8238        0.000000
    8258        0.000000
    8259        0.000000
    8260        1.000000
    8261        1.000000
    8262        1.000000
    8263        1.000000
    8264        1.000000
    8265        1.000000
    8282        1.000000
    8283        1.000000
    8284        1.000000
    8285        1.000000
    8286        0.000000
    8308        0.000000
    8309        0.000000
    8310        0.000000
    8327        1.000000
    8328        1.000000
    8329        1.000000
    8330        1.000000
    8331        1.000000
    8332        1.000000
    8333        1.000000
    8334        1.000000
    8335        1.000000
    8336        1.000000
    8337        1.000000
    8338        1.000000
    8339        1.000000
    8340        1.000000
    8357        1.000000
    8358        1.000000
    8365        0.000000
    8366        0.000000
    8367        0.000000
    8374        1.000000
    8375        1.000000
    8376        1.000000
    8393        1.000000
    8394        1.000000
    8401        0.000000
    8402        0.000000
    8403        0.000000
    8435        0.000000
    8436        1.000000
    8437        1.000000
    8438        1.000000
    8439        1.000000
    8459        0.000000
    8460        0.000000
    8461        0.000000
    8481        0.000000
    8482        0.000000
    8483        1.000000
    8484        1.000000
    8485        1.000000
    8486        1.000000
    8487        1.000000
    8488        1.000000
    8505        1.000000
    8506        1.000000
    8507        1.000000
    8508        1.000000
    8509        0.000000
    8531        0.000000
    8532        0.000000
    8533        0.000000
    8550        1.000000
    8551        1.000000
    8552        1.000000
    8553        1.000000
    8554        1.000000
    8555        1.000000
    8556        1.000000
    8557        1.000000
    8558        1.000000
    8559        1.000000
    8560        1.000000
    8561        1.000000
    8562        1.000000
    8563        1.000000
    8580        1.000000
    8581        1.000000
    8588        0.000000
    8589        0.000000
    8590        0.000000
    8597        1.000000
    8598        1.000000
    8599        1.000000
    8616        1.000000
    8617        1.000000
    8624        0.000000
    8625        0.000000
    8626        0.000000
    8658        0.000000
    8659        1.000000
    8660        1.000000
    8661        1.000000
    8662        1.000000
    8682        0.000000
    8683        0.000000
    8684        0.000000
    8704        0.000000
    8705        0.000000
    8706        1.000000
    8707        1.000000
    8708        1.000000
    8709        1.000000
    8710        1.000000
    8711        1.000000
    8728        1.000000
    8729        1.000000
    8730        1.000000
    8731        1.000000
    8732        0.000000
    8754        0.000000
    8755        0.000000
    8756        0.000000
    8773        1.000000
    8774        1.000000
    8775        1.000000
    8776        1.000000
    8777        1.000000
    8778        1.000000
    8779        1.000000
    8780        1.000000
    8781        1.000000
    8782        1.000000
    8783        1.000000
   10001        1.000000
   10002        1.000000
   10003        1.000000
   10020        1.000000
   10021        1.000000
   10030        1.000000
   10037        1.000000
   10038        1.000000
   10039        1.000000
   10056        1.000000
   10057        1.000000
   10065        1.000000
   10099        1.000000
   10100        1.000000
   10101        1.000000
   10102        1.000000
   10124        1.000000
   10146        1.000000
   10147        1.000000
   10148        1.000000
   10149        1.000000
   10150        1.000000
   10151        1.000000
   10168        1.000000
   10169        1.000000
   10170        1.000000
   10171        1.000000
   10194        1.000000
   10213        1.000000
   10214        1.000000
   10215        1.000000
   10216        1.000000
   10217        1.000000
   10218        1.000000
   10219        1.000000
   10220        1.000000
   10221        1.000000
   10222        1.000000
   10223        1.000000
   10224        1.000000
   10225        1.000000
   10226        1.000000
   10243        1.000000
   10244        1.000000
   10253        1.000000
   10260        1.000000
   10261        1.000000
   10262        1.000000
   10279        1.000000
   10280        1.000000
   10288        1.000000
   10322        1.000000
   10323        1.000000
   10324        1.000000
   10325        1.000000
   10347        1.000000
   10369        1.000000
   10370        1.000000
   10371        1.000000
   10372        1.000000
   10373        1.000000
   10374        1.000000
   10391        1.000000
   10392        1.000000
   10393        1.000000
   10394        1.000000
   10417        1.000000
   10436        1.000000
   10437        1.000000
   10438        1.000000
   10439        1.000000
   10440        1.000000
   10441        1.000000
   10442        1.000000
   10443        1.000000
   10444        1.000000
   10445        1.000000
   10446        1.000000
   10447        1.000000
   10448        1.000000
   10449        1.000000
   10466        1.000000
   10467        1.000000
   10476        1.000000
   10483        1.000000
   10484        1.000000
   10485        1.000000
   10502        1.000000
   10503        1.000000
   10511        1.000000
   10545        1.000000
   10546        1.000000
   10547        1.000000
   10548        1.000000
   10570        1.000000
   10592        1.000000
   10593        1.000000
   10594        1.000000
   10595        1.000000
   10596        1.000000
   10597        1.000000
   10614        1.000000
   10615        1.000000
   10616        1.000000
   10617        1.000000
   10640        1.000000
   10659        1.000000
   10660        1.000000
   10661        1.000000
   10662        1.000000
   10663        1.000000
   10664        1.000000
   10665        1.000000
   10666        1.000000
   10667        1.000000
   10668        1.000000
   10669        1.000000
   10670        1.000000
   10671        1.000000
   10672        1.000000
   10689        1.000000
   10690        1.000000
   10699        1.000000
   10706        1.000000
   10707        1.000000
   10708        1.000000
   10725        1.000000
   10726        1.000000
   10734        1.000000
   10768        1.000000
   10769        1.000000
   10770        1.000000
   10771        1.000000
   10793        1.000000
   10815        1.000000
   10816        1.000000
   10817        1.000000
   10818        1.000000
   10819        1.000000
   10820        1.000000
   10837        1.000000
   10838        1.000000
   10839        1.000000
   10840        1.000000
   10863        1.000000
   10882        1.000000
   10883        1.000000
   10884        1.000000
   10885        1.000000
   10886        1.000000
   10887        1.000000
   10888        1.000000
   10889        1.000000
   10890        1.000000
   10891        1.000000
   10892        1.000000
   10893        1.000000
   10894        1.000000
   10895        1.000000
   10912        1.000000
   10913        1.000000
   10922        1.000000
   10929        1.000000
   10930        1.000000
   10931        1.000000
   10948        1.000000
   10949        1.000000
   10957        1.000000
   10991        1.000000
   10992        1.000000
   10993        1.000000
   10994        1.000000
   11016        1.000000
   11038        1.000000
   11039        1.000000
   11040        1.000000
   11041        1.000000
   11042        1.000000
   11043        1.000000
   11060        1.000000
   11061        1.000000
   11062        1.000000
   11063        1.000000
   11086        1.000000
   11105        1.000000
   11106        1.000000
   11107        1.000000
   11108        1.000000
   11109        1.000000
   11110        1.000000
   11111        1.000000
   11112        1.000000
   11113        1.000000
   11114        1.000000
   11115        1.000000
   11116        1.000000
   11117        1.000000
   11118        1.000000
   11135        1.000000
   11136        1.000000
   11145        1.000000
   11152        1.000000
   11153        1.000000
   11154        1.000000
   11171        1.000000
   11172        1.000000
   11180        1.000000
   11214        1.000000
   11215        1.000000
   11216        1.000000
   11217        1.000000
   11239        1.000000
   11261        1.000000
   11262        1.000000
   11263        1.000000
   11264        1.000000
   11265        1.000000
   11266        1.000000
   11283        1.000000
   11284        1.000000
   11285        1.000000
   11286        1.000000
   11309        1.000000
   11328        1.000000
   11329        1.000000
   11330        1.000000
   11331        1.000000
   11332        1.000000
   11333        1.000000
   11334        1.000000
   11335        1.000000
   11336        1.000000
   11337        1.000000
   11338        1.000000
   11339        1.000000
   11340        1.000000
   11341        1.000000
   11358        1.000000
   11359        1.000000
   11368        1.000000
   11375        1.000000
   11376        1.000000
   11377        1.000000
   11394        1.000000
   11395        1.000000
   11403        1.000000
   11437        1.000000
   11438        1.000000
   11439        1.000000
   11440        1.000000
   11462        1.000000
   11484        1.000000
   11485        1.000000
   11486        1.000000
   11487        1.000000
   11488        1.000000
   11489        1.000000
   11506        1.000000
   11507        1.000000
   11508        1.000000
   11509        1.000000
   11532        1.000000
   11551        1.000000
   11552        1.000000
   11553        1.000000
   11554        1.000000
   11555        1.000000
   11556        1.000000
   11557        1.000000
   11558        1.000000
   11559        1.000000
   11560        1.000000
   11561        1.000000
   11562        1.000000
   11563        1.000000
   11564        1.000000
   11581        1.000000
   11582        1.000000
   11591        1.000000
   11598        1.000000
   11599        1.000000
   11600        1.000000
   11617        1.000000
   11618        1.000000
   11626        1.000000
   11660        1.000000
   11661        1.000000
   11662        1.000000
   11663        1.000000
   11685        1.000000
   11707        1.000000
   11708        1.000000
   11709        1.000000
   11710        1.000000
   11711        1.000000
   11712        1.000000
   11729        1.000000
   11730        1.000000
   11731        1.000000
   11732        1.000000
   11755        1.000000
   11774        1.000000
   11775        1.000000
   11776        1.000000
   11777        1.000000
   11778        1.000000
   11779        1.000000
   11780        1.000000
   11781        1.000000
   11782        1.000000
   11783        1.000000
   11784        1.000000
   11785        0.000000
   11786        0.000000
   11787        0.000000
   11788        0.000000
   11789        0.000000
   11791        0.000000
   11792        0.000000
   11794        0.000000
   11795        0.000000
   11796        0.000000
   11797        0.000000
   11798        0.000000
   11799        0.000000
   11801        0.000000
   11802        0.000000
   11804        0.000000
   11805        0.000000
   11806        0.000000
   11807        0.000000
   11808        0.000000
   11809        0.000000
   11811        0.000000
   11812        0.000000
   11814        0.000000
   11815        0.000000
   11816        0.000000
   11817        0.000000
   11818        0.000000
   11819        0.000000
   11821        0.000000
   11822        0.000000
   11824        0.000000
   11825        0.000000
   11826        0.000000
   11827        0.000000
   11828        0.000000
   11829        0.000000
   11830        0.000000
   11832        0.000000
   11833        0.000000
   11835        0.000000
   11836        0.000000
   11837        0.000000
   11838        0.000000
   11839        0.000000
   11840        0.000000
   11842        0.000000
   11843        0.000000
   11845        0.000000
   11846        0.000000
   11847        0.000000
   11848        0.000000
   11849        0.000000
   11850        0.000000
   11852        0.000000
   11853        0.000000
   11855        0.000000
   11856        0.000000
   11857        0.000000
   11858        0.000000
   11859        0.000000
   11860        0.000000
   11862        0.000000
   11863        0.000000
   11865        0.000000
   11866        0.000000
   11868        0.000000
   11869        0.000000
   11870        0.000000
   11871        0.000000
   11873        0.000000
   11874        0.000000
   11876        0.000000
   11877        0.000000
   11878        0.000000
   11879        0.000000
   11880        0.000000
   11881        0.000000
   11883        0.000000
   11884        0.000000
   11886        0.000000
   11887        0.000000
   11888        0.000000
   11889        0.000000
   11890        0.000000
   11891        0.000000
   11893        0.000000
   11894        0.000000
   11896        0.000000
   11897        0.000000
   11898        0.000000
   11899        0.000000
   11900        0.000000
   11901        0.000000
   11903        0.000000
   11904        0.000000
   11906        0.000000
   11909        0.000000
   11910        0.000000
   11911        0.000000
   11912        0.000000
   11914        0.000000
   11915        0.000000
   11917        0.000000
   11918        0.000000
   11919        0.000000
   11920        0.000000
   11921        0.000000
   11922        0.000000
   11924        0.000000
   11925        0.000000
   11927        0.000000
   11928        0.000000
   11929        0.000000
   11930        0.000000
   11931        0.000000
   11932        0.000000
   11934        0.000000
   11935        0.000000
   11937        0.000000
   11938        0.000000
   11939        0.000000
   11940        0.000000
   11941        0.000000
   11942        0.000000
   11944        0.000000
   11945        0.000000
   11947        0.000000
   11954        0.000000
   11955        0.000000
   11956        0.000000
   11964        0.000000
   11965        0.000000
   11966        0.000000
   11974        0.000000
   11975        0.000000
   11976        0.000000
   11984        0.000000
   11985        0.000000
   11986        0.000000
   11995        0.000000
   11996        0.000000
   11997        0.000000
   12005        0.000000
   12006        0.000000
   12007        0.000000
   12015        0.000000
   12016        0.000000
   12017        0.000000
   12025        0.000000
   12026        0.000000
   12027        0.000000
   12036        0.000000
   12037        0.000000
   12038        0.000000
   12046        0.000000
   12047        0.000000
   12048        0.000000
   12056        0.000000
   12057        0.000000
   12058        0.000000
   12066        0.000000
   12067        0.000000
   12068        0.000000
   12077        0.000000
   12078        0.000000
   12079        0.000000
   12087        0.000000
   12088        0.000000
   12089        0.000000
   12097        0.000000
   12098        0.000000
   12099        0.000000
   12107        0.000000
   12108        0.000000
   12109        0.000000


                                                      SUMMARY INFORMATION
                                                  _________________________

                                                         Min/Max Values
    -Source ID--Entity ID--Scalar Value-
Min:     1          8         0.000000
Max:     1       1000         1.000000

