1
 
 
 
 
                      Warning: This computer program is protected by copyright law and international treaties.       
                  Unauthorized use, reproduction or distribution of this computer program, or any portion of it, may 
                                          result in severe civil and criminal penalties.                             
                         Copyright (C) 2021 MSC Software Corporation and its licensors. All rights reserved.         
 
 
                                              * * * * * * * * * * * * * * * * * * * *
                                              * * * * * * * * * * * * * * * * * * * *
                                              * *                                 * *
                                              * *           MSC Software          * *
                                              * *               CORP              * *
                                              * *                                 * *
                                              * *      M S C   N a s t r a n      * *
                                              * *                                 * *
                                              * *  S T U D E N T   E D I T I O N  * *
                                              * *                                 * *
                                              * *     Version 2021.1-CL797725     * *
                                              * *                                 * *
                                              * *                                 * *
                                              * *                                 * *
                                              * *          MAR 10, 2021           * *
                                              * *                                 * *
                                              * *              Intel              * *
                                              * *MODEL Xeon/3043 (DESKTOP-NHC7R5K * *
                                              * *     Windows 10 Pro 6.2 9200     * *
                                              * * Compiled for 8664 (SINGLE Mode) * *
                                              * *                                 * *
                                              * * * * * * * * * * * * * * * * * * * *
                                              * * * * * * * * * * * * * * * * * * * *

 
 
                                                 This Student Edition version is  
                                                    valid until MAR 15, 2023.     
 
 
                  This program is being distributed as part of the MSC Software Student Edition. Use of this program 
                     or its results at a commercial installation, for commercial purposes, or for production work    
                                             I S   S T R I C T L Y  P R O H I B I T E D.                             
                  ==================================== FOR EDUCATIONAL USE ONLY =====================================
 
 
1News file - (February 22, 2021)
  
               Welcome to MSC Nastran 2021.1
  
  
   MSC Nastran brings powerful new features and enhancements for engineering
   solutions.
  
     MSC Nastran 2021.1 Features and Enhancements
  
     Statics
     The original SOL 1 (Legacy Linear Statics solution) Inertia Relief method,
     allowing for more than six rigid body modes is now available in SOL 101
     (Linear Statics)
  
     Dynamics
     Real Coupled Modes enhancements:
      - Supported for AVL Excite EXB Export and acoustic weakly-coupled modes
      - Residual vector logic tuned up for improved solution accuracy
        in transient response analysis
  
     Fatigue
     CAE Fatigue Time Domain completeness
      - Hot Spot detection for computational speed
      - Spot Weld fatigue analyzer
  
     Nonlinear
     Enhanced accelerated separation check in node-to-segment (N2S) contact
  
     Design Optimization
     - Design response screening option added to force retention of all
       defined responses in the model
  
     High Performance Computing
     - Improved MUMPS direct solver performance in SOL 101 linear statics
  
     Documentation
     The complete documentation set is provided in a separate installer and
     when installed is available at: MSC_DOC_DIR/doc/pdf_nastran directory.
     Where MSC_DOC_DIR is the directory where documentation was installed
     This help set has cross references between documents, links to how-to
     videos, and example files.
  
     Individual MSC Nastran documents are available for download from the
       Simcompanion Website at:
       http://simcompanion.mscsoftware.com/
  
     These documents were updated for the MSC Nastran 2021.1 Release
  
         1.  MSC Nastran 2021.1 Installation and Operations Guide
1        2.  MSC Nastran 2021.1 Quick Reference Guide
         3.  MSC Nastran 2021.1 Release Guide
         4.  MSC Nastran 2021.1 Linear Statics Analysis User's Guide
         5.  MSC Nastran 2021.1 Dynamic Analysis User's Guide
         6.  MSC Nastran 2021.1 Superelements User's Guide
         7.  MSC Nastran 2021.1 Rotordynamics User's Guide
         8.  MSC Nastran 2021.1 Demonstration Problems Manual
         9.  MSC Nastran 2021.1 Nastran Embedded Fatigue User's Guide
        10.  MSC Nastran 2021.1 Design Sensitivity and Optimization
        11.  MSC Nastran 2021.1 Nonlinear User's Guide SOL 400
        12.  MSC Nastran 2021.1 DMAP Programmer's Guide
        13.  MSC Nastran 2021.1 High Performance Computing User's Guide
        14.  MSC Nastran 2021.1 New Verification Manual
        15.  MSC Nastran 2021.1 DEMATD Guide
        16.  MSC Nastran 2021.1 Explicit Nonlinear (SOL 700) User's Guide
  
   Please refer to  MSC_DOC_DIR/doc/pdf_nastran/nastran_library.pdf
   for the complete document set:
  
  
     Feature Deprecation List
     To streamline the MSC Nastran program and simplify ongoing maintenance
     activiy, some obsolete capabilities have been identified and tagged for
     removal from a future release of the program in late 2021 and 2022.
     Please review the list of features marked for deprecation below to
     ensure that there will be no disruption to your use of MSC Nastran.
     If you see a feature that you currently use and do not wish to lose,
     contact MSC Technical Support to report it.
  
     Features tagged for removal:
     - P-elements
     - SOL 600 nonlinear solution sequence
     - Unstructured one- and two-digit solution sequences (e.g. SOL 3, SOL 24)
     - SOL 190 (DBTRANS)
     - TAUCS solver
     - MSGMESH
     - Obsolete DMAP modules
     - SSSALTERS
  
     Refer to the MSC Nastran 2021 Release Guide for more details.
  
  
   Additional information about the release can be found at the MSC Nastran
   Product Support page: http://simcompanion.mscsoftware.com
  
   The support page provides links to these valuable information:
      * A searchable Knowledge Base containing examples and answers to thousands
        of frequently asked questions written by MSC Software subject-matter
        experts.
      * Peer-to-peer Discussion Forums enabling you to post questions for your
1       MSC Software products and receive answers from other users worldwide.
      * A list of known issues with the product and any workarounds.
      * Instructions on how to contact technical support
      * A mechanism for sending us product feedback or enhancement requests.
      * Hardware and software requirements.
      * Examples and Tutorials
      * and much more.
  
   For information on training, please visit our Training web site
  
      http://www.mscsoftware.com/Contents/Services/Training/
  
1                                                       **STUDENT EDITION* NOVEMBER  30, 2021  MSC Nastran  3/10/21   PAGE     1
                                                                                                                                    
0        N A S T R A N    F I L E    A N D    S Y S T E M    P A R A M E T E R    E C H O                                           
0                                                                                                                                   
                                                                                                                                    
                                                                                                                                    
     NASTRAN BUFFSIZE=8193 $(C:/PROGRAM FILES/MSC.SOFTWARE/NAPA_SE/20211/NASTRAN/CONF
     $ MSC.NASTRAN INPUT FILE CREATED ON NOVEMBER  30, 2021 AT 22:32:51 BY           
     $ PATRAN 2021.1  (STUDENT EDITION)                                              
     $ DIRECT TEXT INPUT FOR NASTRAN SYSTEM CELL SECTION                             
     $ DIRECT TEXT INPUT FOR FILE MANAGEMENT SECTION                                 
     $ DIRECT TEXT INPUT FOR EXECUTIVE CONTROL                                       
     $ BUCKLING ANALYSIS, DATABASE                                                   
1                                                       **STUDENT EDITION* NOVEMBER  30, 2021  MSC Nastran  3/10/21   PAGE     2
                                                                                                                                    
0        N A S T R A N    E X E C U T I V E    C O N T R O L    E C H O                                                             
0                                                                                                                                   
                                                                                                                                    
                                                                                                                                    
     SOL 105                                                                                 
     CEND                                                                                    
1    MSC.NASTRAN JOB CREATED ON 30-NOV-21 AT 00:22:03   **STUDENT EDITION* NOVEMBER  30, 2021  MSC Nastran  3/10/21   PAGE     3
                                                                                                                                    
0                                                                                                                                   
0                                        C A S E    C O N T R O L    E C H O                                                        
                 COMMAND                                                                                                            
                 COUNT                                                                                                              
                  1      $ DIRECT TEXT INPUT FOR GLOBAL CASE CONTROL DATA                                        
                  2      TITLE = MSC.NASTRAN JOB CREATED ON 30-NOV-21 AT 00:22:03                                
                  3      ECHO = NONE                                                                             
                  4         BCONTACT = 0                                                                         
                  5      SUBCASE 1                                                                               
                  6         SUBTITLE=DEFAULT                                                                     
                  7         SPC = 2                                                                              
                  8         LOAD = 2                                                                             
                  9         BCONTACT = 1                                                                         
                 10         DISPLACEMENT(SORT1,REAL)=ALL                                                         
                 11         SPCFORCES(SORT1,REAL)=ALL                                                            
                 12      SUBCASE 2                                                                               
                 13         SUBTITLE=DEFAULT                                                                     
                 14         SPC = 2                                                                              
                 15         METHOD = 1                                                                           
                 16         BCONTACT = 1                                                                         
                 17         VECTOR(SORT1,REAL)=ALL                                                               
                 18         SPCFORCES(SORT1,REAL)=ALL                                                            
                 19         STATSUB = 1                                                                          
                 20      $ DIRECT TEXT INPUT FOR THIS SUBCASE                                                    
                 21      BEGIN BULK                                                                              
1    MSC.NASTRAN JOB CREATED ON 30-NOV-21 AT 00:22:03   **STUDENT EDITION* NOVEMBER  30, 2021  MSC Nastran  3/10/21   PAGE     4
                                                                                                                                    
0                                                                                                                                   
                                        M O D E L   S U M M A R Y          BULK = 0
                                   ENTRY NAME        NUMBER OF ENTRIES
                                   ----------        -----------------
                                      BCBODY1                        6
                                        BSURF                        6
                                       CQUAD4                     4712
                                        EIGRL                        1
                                        FORCE                        1
                                         GRID                     9257
                                         LOAD                        1
                                         MAT8                        2
                                       MDLPRM                        1
                                        PARAM                        1
                                        PCOMP                        7
                                         RBE2                        1
                                         SPC1                        2
                                       SPCADD                        1

 ^^^     
 ^^^ >>> IFP OPERATIONS COMPLETE <<< 
 ^^^     
 *** USER FATAL MESSAGE 8114 (M3DCNT1B)
     No BCTABL1 AND BCONECT Bulk Data entries were found when BCONTACT=n(n>0) was specified in the Case Control Deck.
0FATAL ERROR
1                                        * * * END OF JOB * * *
 
 
 No Symbolic Replacement variables or values were specified.

