Started at : Thu Nov 25 16:02:23 2021

---------------------------------------------------------------------
STEP AP203 to Patran Express Neutral file format Translator Version 6.6 Build Date : Mar 25 2021 
----------------------------------------------------------------------- 
Created STEP PART42 database. Cone_Curves_stp.bin
Reading PART42 file C:\Users\Usuario\Desktop\MuE_Patran\Cono\Optimizacion\01\CAD\Cone_Curves.stp
Starting Translation ... 
Processing CLASS II information ... 
Translating Geometrically bounded surface shape representation no. : 1	Total no. of representation items : 1
	Translating Geometric set .. 
		Total no. of elements in Geometric set : 8
		------------------------------------------
		Suceessfully Exported Curves and Surfaces: 8
		Failed                : 0
		------------------------------------------
Translation complete. 
Writing PATRAN express neutral file Cone_Curves.exp
Translation Completed. 
---------------------------------------------------------------------
Time : Thu Nov 25 16:02:23 2021

---------------------------------------------------------------------
 
AP203 TO PATRAN Translator   : Version 6.6 Build Date : Mar 25 2021
Unique_Ids Given for the Geometric Entities 
Processing CC1 information 
Processing of CC1 information complete 
